# JRE version: Java(TM) SE Runtime Environment (12.0.2+10) (build 12.0.2+10)
# Java VM: Java HotSpot(TM) 64-Bit Server VM (12.0.2+10, mixed mode, sharing, tiered, compressed oops, g1 gc, windows-amd64)
Heap:
 garbage-first heap   total 342016K, used 201149K [0x00000000e0000000, 0x0000000100000000)
  region size 1024K, 25 young (25600K), 6 survivors (6144K)
 Metaspace       used 84325K, capacity 87661K, committed 87808K, reserved 331776K
  class space    used 10639K, capacity 11706K, committed 11776K, reserved 253952K
GC Heap History (10 events):
Event: 364.760 GC heap before
{Heap before GC invocations=30 (full 9):
 garbage-first heap   total 262144K, used 199417K [0x00000000e0000000, 0x0000000100000000)
  region size 1024K, 114 young (116736K), 14 survivors (14336K)
 Metaspace       used 82432K, capacity 85680K, committed 85760K, reserved 329728K
  class space    used 10440K, capacity 11480K, committed 11520K, reserved 253952K
}
Event: 364.809 GC heap after
{Heap after GC invocations=31 (full 9):
 garbage-first heap   total 262144K, used 112204K [0x00000000e0000000, 0x0000000100000000)
  region size 1024K, 15 young (15360K), 15 survivors (15360K)
 Metaspace       used 82432K, capacity 85680K, committed 85760K, reserved 329728K
  class space    used 10440K, capacity 11480K, committed 11520K, reserved 253952K
}
Event: 367.114 GC heap before
{Heap before GC invocations=31 (full 9):
 garbage-first heap   total 262144K, used 194124K [0x00000000e0000000, 0x0000000100000000)
  region size 1024K, 78 young (79872K), 15 survivors (15360K)
 Metaspace       used 83359K, capacity 86702K, committed 87040K, reserved 329728K
  class space    used 10594K, capacity 11670K, committed 11776K, reserved 253952K
}
Event: 367.160 GC heap after
{Heap after GC invocations=32 (full 9):
 garbage-first heap   total 262144K, used 129785K [0x00000000e0000000, 0x0000000100000000)
  region size 1024K, 12 young (12288K), 12 survivors (12288K)
 Metaspace       used 83359K, capacity 86702K, committed 87040K, reserved 329728K
  class space    used 10594K, capacity 11670K, committed 11776K, reserved 253952K
}
Event: 367.693 GC heap before
{Heap before GC invocations=33 (full 9):
 garbage-first heap   total 286720K, used 191225K [0x00000000e0000000, 0x0000000100000000)
  region size 1024K, 32 young (32768K), 12 survivors (12288K)
 Metaspace       used 83410K, capacity 86830K, committed 87040K, reserved 329728K
  class space    used 10597K, capacity 11670K, committed 11776K, reserved 253952K
}
Event: 367.709 GC heap after
{Heap after GC invocations=34 (full 9):
 garbage-first heap   total 286720K, used 142572K [0x00000000e0000000, 0x0000000100000000)
  region size 1024K, 5 young (5120K), 5 survivors (5120K)
 Metaspace       used 83410K, capacity 86830K, committed 87040K, reserved 329728K
  class space    used 10597K, capacity 11670K, committed 11776K, reserved 253952K
}
Event: 368.776 GC heap before
{Heap before GC invocations=35 (full 9):
 garbage-first heap   total 327680K, used 218348K [0x00000000e0000000, 0x0000000100000000)
  region size 1024K, 42 young (43008K), 5 survivors (5120K)
 Metaspace       used 84267K, capacity 87652K, committed 87808K, reserved 331776K
  class space    used 10663K, capacity 11750K, committed 11776K, reserved 253952K
}
Event: 368.785 GC heap after
{Heap after GC invocations=36 (full 9):
 garbage-first heap   total 327680K, used 154960K [0x00000000e0000000, 0x0000000100000000)
  region size 1024K, 9 young (9216K), 9 survivors (9216K)
 Metaspace       used 84267K, capacity 87652K, committed 87808K, reserved 331776K
  class space    used 10663K, capacity 11750K, committed 11776K, reserved 253952K
}
Event: 369.745 GC heap before
{Heap before GC invocations=37 (full 9):
 garbage-first heap   total 327680K, used 216400K [0x00000000e0000000, 0x0000000100000000)
  region size 1024K, 50 young (51200K), 9 survivors (9216K)
 Metaspace       used 84321K, capacity 87663K, committed 87808K, reserved 331776K
  class space    used 10639K, capacity 11707K, committed 11776K, reserved 253952K
}
Event: 369.756 GC heap after
{Heap after GC invocations=38 (full 9):
 garbage-first heap   total 327680K, used 165309K [0x00000000e0000000, 0x0000000100000000)
  region size 1024K, 6 young (6144K), 6 survivors (6144K)
 Metaspace       used 84321K, capacity 87663K, committed 87808K, reserved 331776K
  class space    used 10639K, capacity 11707K, committed 11776K, reserved 253952K
}

