# JRE version: Java(TM) SE Runtime Environment (12.0.2+10) (build 12.0.2+10)
# Java VM: Java HotSpot(TM) 64-Bit Server VM (12.0.2+10, mixed mode, sharing, tiered, compressed oops, g1 gc, windows-amd64)
Heap:
 garbage-first heap   total 270336K, used 190396K [0x00000000e0000000, 0x0000000100000000)
  region size 1024K, 62 young (63488K), 2 survivors (2048K)
 Metaspace       used 92129K, capacity 96382K, committed 96512K, reserved 337920K
  class space    used 11576K, capacity 12974K, committed 13056K, reserved 253952K
GC Heap History (10 events):
Event: 503.741 GC heap before
{Heap before GC invocations=35 (full 0):
 garbage-first heap   total 270336K, used 166307K [0x00000000e0000000, 0x0000000100000000)
  region size 1024K, 13 young (13312K), 4 survivors (4096K)
 Metaspace       used 81645K, capacity 85109K, committed 85376K, reserved 327680K
  class space    used 10453K, capacity 11593K, committed 11648K, reserved 253952K
}
Event: 503.760 GC heap after
{Heap after GC invocations=36 (full 0):
 garbage-first heap   total 270336K, used 134325K [0x00000000e0000000, 0x0000000100000000)
  region size 1024K, 1 young (1024K), 1 survivors (1024K)
 Metaspace       used 81645K, capacity 85109K, committed 85376K, reserved 327680K
  class space    used 10453K, capacity 11593K, committed 11648K, reserved 253952K
}
Event: 995.665 GC heap before
{Heap before GC invocations=36 (full 0):
 garbage-first heap   total 270336K, used 145589K [0x00000000e0000000, 0x0000000100000000)
  region size 1024K, 13 young (13312K), 1 survivors (1024K)
 Metaspace       used 81718K, capacity 85238K, committed 85376K, reserved 327680K
  class space    used 10453K, capacity 11593K, committed 11648K, reserved 253952K
}
Event: 995.685 GC heap after
{Heap after GC invocations=37 (full 0):
 garbage-first heap   total 270336K, used 126191K [0x00000000e0000000, 0x0000000100000000)
  region size 1024K, 1 young (1024K), 1 survivors (1024K)
 Metaspace       used 81718K, capacity 85238K, committed 85376K, reserved 327680K
  class space    used 10453K, capacity 11593K, committed 11648K, reserved 253952K
}
Event: 2317.531 GC heap before
{Heap before GC invocations=37 (full 0):
 garbage-first heap   total 270336K, used 198895K [0x00000000e0000000, 0x0000000100000000)
  region size 1024K, 73 young (74752K), 1 survivors (1024K)
 Metaspace       used 85600K, capacity 89427K, committed 89472K, reserved 331776K
  class space    used 10819K, capacity 12153K, committed 12160K, reserved 253952K
}
Event: 2317.558 GC heap after
{Heap after GC invocations=38 (full 0):
 garbage-first heap   total 270336K, used 129789K [0x00000000e0000000, 0x0000000100000000)
  region size 1024K, 4 young (4096K), 4 survivors (4096K)
 Metaspace       used 85600K, capacity 89427K, committed 89472K, reserved 331776K
  class space    used 10819K, capacity 12153K, committed 12160K, reserved 253952K
}
Event: 2339.359 GC heap before
{Heap before GC invocations=39 (full 0):
 garbage-first heap   total 270336K, used 203517K [0x00000000e0000000, 0x0000000100000000)
  region size 1024K, 77 young (78848K), 4 survivors (4096K)
 Metaspace       used 91318K, capacity 95665K, committed 96000K, reserved 337920K
  class space    used 11533K, capacity 12933K, committed 13056K, reserved 253952K
}
Event: 2339.392 GC heap after
{Heap after GC invocations=40 (full 0):
 garbage-first heap   total 270336K, used 137880K [0x00000000e0000000, 0x0000000100000000)
  region size 1024K, 10 young (10240K), 10 survivors (10240K)
 Metaspace       used 91318K, capacity 95665K, committed 96000K, reserved 337920K
  class space    used 11533K, capacity 12933K, committed 13056K, reserved 253952K
}
Event: 2340.643 GC heap before
{Heap before GC invocations=40 (full 0):
 garbage-first heap   total 270336K, used 140952K [0x00000000e0000000, 0x0000000100000000)
  region size 1024K, 13 young (13312K), 10 survivors (10240K)
 Metaspace       used 91647K, capacity 95977K, committed 96256K, reserved 337920K
  class space    used 11566K, capacity 12970K, committed 13056K, reserved 253952K
}
Event: 2340.689 GC heap after
{Heap after GC invocations=41 (full 0):
 garbage-first heap   total 270336K, used 131004K [0x00000000e0000000, 0x0000000100000000)
  region size 1024K, 2 young (2048K), 2 survivors (2048K)
 Metaspace       used 91647K, capacity 95977K, committed 96256K, reserved 337920K
  class space    used 11566K, capacity 12970K, committed 13056K, reserved 253952K
}

